INFO:root:Epoch: 1 Loss: 0.7360227108001709
INFO:root:Epoch: 2 Loss: 0.6618688106536865
INFO:root:Epoch: 3 Loss: 0.7321261167526245
INFO:root:Epoch: 4 Loss: 0.7126761674880981
INFO:root:Epoch: 5 Loss: 0.8064197301864624
INFO:root:Epoch: 6 Loss: 0.8021450638771057
INFO:root:Epoch: 7 Loss: 0.5267912149429321
INFO:root:Epoch: 8 Loss: 0.5912320613861084
INFO:root:Epoch: 9 Loss: 0.5778993368148804
INFO:root:Epoch: 10 Loss: 0.32717165350914
INFO:root:Epoch: 11 Loss: 0.33296892046928406
INFO:root:Epoch: 12 Loss: 0.3226187527179718
INFO:root:Epoch: 13 Loss: 0.14531376957893372
INFO:root:Epoch: 14 Loss: 0.3206028342247009
INFO:root:Epoch: 15 Loss: 0.019104640930891037
INFO:root:Epoch: 16 Loss: 0.06037663668394089
INFO:root:Epoch: 17 Loss: 0.08595437556505203
INFO:root:Epoch: 18 Loss: 0.03923431783914566
INFO:root:Epoch: 19 Loss: 0.007033233065158129
INFO:root:Epoch: 20 Loss: 0.034379854798316956
INFO:root:Epoch: 21 Loss: 0.0014953156933188438
INFO:root:Epoch: 22 Loss: 0.0041762287728488445
INFO:root:Epoch: 23 Loss: 0.013610539957880974
INFO:root:Epoch: 24 Loss: 0.020524850115180016
INFO:root:Epoch: 25 Loss: 0.008435334078967571
INFO:root:Epoch: 26 Loss: 0.042055897414684296
INFO:root:Epoch: 27 Loss: 0.015577778220176697
INFO:root:Epoch: 28 Loss: 0.009039312601089478
INFO:root:Epoch: 29 Loss: 0.24045303463935852
INFO:root:Epoch: 30 Loss: 0.03440162539482117
INFO:root:Epoch: 31 Loss: 0.026103148236870766
INFO:root:Epoch: 32 Loss: 0.002662092447280884
INFO:root:Epoch: 33 Loss: 0.00028534632292576134
INFO:root:Epoch: 34 Loss: 0.04265327751636505
INFO:root:Epoch: 35 Loss: 0.06475804001092911
INFO:root:Epoch: 36 Loss: 0.0010744519531726837
INFO:root:Epoch: 37 Loss: 0.11712849140167236
INFO:root:Epoch: 38 Loss: 0.018874332308769226
INFO:root:Epoch: 39 Loss: 0.08527056127786636
INFO:root:Epoch: 40 Loss: 0.00019333878299221396
INFO:root:Epoch: 41 Loss: 0.005835164804011583
INFO:root:Epoch: 42 Loss: 0.038661036640405655
INFO:root:Epoch: 43 Loss: 0.0073267570696771145
INFO:root:Epoch: 44 Loss: 0.00019059749320149422
INFO:root:Epoch: 45 Loss: 0.0035709680523723364
INFO:root:Epoch: 46 Loss: 0.0001892864383989945
INFO:root:Epoch: 47 Loss: 1.2516897186287679e-05
INFO:root:Epoch: 48 Loss: 0.00014065706636756659
INFO:root:Epoch: 49 Loss: 1.1086402082582936e-05
INFO:root:Epoch: 50 Loss: 0.0008148210472427309
