INFO:root:Epoch: 1 Loss: 0.5876111388206482
INFO:root:Epoch: 2 Loss: 0.7043135762214661
INFO:root:Epoch: 3 Loss: 0.6037508845329285
INFO:root:Epoch: 4 Loss: 0.3642914295196533
INFO:root:Epoch: 5 Loss: 0.37156111001968384
INFO:root:Epoch: 6 Loss: 0.33463820815086365
INFO:root:Epoch: 7 Loss: 0.05560649558901787
INFO:root:Epoch: 8 Loss: 0.004685494117438793
INFO:root:Epoch: 9 Loss: 0.40803155303001404
INFO:root:Epoch: 10 Loss: 0.03450055792927742
INFO:root:Epoch: 11 Loss: 0.0915740355849266
INFO:root:Epoch: 12 Loss: 0.1740386039018631
INFO:root:Epoch: 13 Loss: 0.07661785185337067
INFO:root:Epoch: 14 Loss: 0.16431015729904175
INFO:root:Epoch: 15 Loss: 0.07312922924757004
INFO:root:Epoch: 16 Loss: 0.003411427838727832
INFO:root:Epoch: 17 Loss: 0.00462165754288435
INFO:root:Epoch: 18 Loss: 6.437280717364047e-06
INFO:root:Epoch: 19 Loss: 0.0004337085410952568
INFO:root:Epoch: 20 Loss: 5.113947918289341e-05
INFO:root:Epoch: 21 Loss: 0.0001357701694360003
INFO:root:Epoch: 22 Loss: 0.009815051220357418
INFO:root:Epoch: 23 Loss: 0.005367155186831951
INFO:root:Epoch: 24 Loss: 3.576278118089249e-07
INFO:root:Epoch: 25 Loss: 0.00017951308109331876
INFO:root:Epoch: 26 Loss: -0.0
INFO:root:Epoch: 27 Loss: 3.099393507000059e-05
INFO:root:Epoch: 28 Loss: -0.0
INFO:root:Epoch: 29 Loss: 0.004357130266726017
INFO:root:Epoch: 30 Loss: 1.1920928244535389e-07
INFO:root:Epoch: 31 Loss: 0.03775768727064133
INFO:root:Epoch: 32 Loss: 0.0013991338200867176
INFO:root:Epoch: 33 Loss: 0.0019193338230252266
INFO:root:Epoch: 34 Loss: 0.00040999590419232845
INFO:root:Epoch: 35 Loss: 0.009657684713602066
INFO:root:Epoch: 36 Loss: 0.0018440161366015673
INFO:root:Epoch: 37 Loss: 1.1920928244535389e-07
INFO:root:Epoch: 38 Loss: 0.00017641419253777713
INFO:root:Epoch: 39 Loss: 6.115249561844394e-05
INFO:root:Epoch: 40 Loss: -0.0
INFO:root:Epoch: 41 Loss: 9.07141511561349e-05
INFO:root:Epoch: 42 Loss: 0.012173050083220005
INFO:root:Epoch: 43 Loss: 2.3841830625315197e-06
INFO:root:Epoch: 44 Loss: -0.0
INFO:root:Epoch: 45 Loss: 3.099393507000059e-05
INFO:root:Epoch: 46 Loss: 6.031808152329177e-05
INFO:root:Epoch: 47 Loss: 1.0728830375228426e-06
INFO:root:Epoch: 48 Loss: 0.0002867764269467443
INFO:root:Epoch: 49 Loss: -0.0
INFO:root:Epoch: 50 Loss: 0.0005906267906539142
